<?xml version="1.0" encoding="UTF-8"?>
<testsuite xmlns:xsi="http://www.w3.org/2001/XMLSchema-instance" xsi:noNamespaceSchemaLocation="https://maven.apache.org/surefire/maven-surefire-plugin/xsd/surefire-test-report-3.0.xsd" version="3.0" name="com.edutec.demoneo4j.Demoneo4jApplicationTests" time="4.307" tests="1" errors="0" skipped="0" failures="0">
  <properties>
    <property name="java.specification.version" value="17"/>
    <property name="sun.jnu.encoding" value="UTF-8"/>
    <property name="java.class.path" value="/workspaces/demoneo4j/target/test-classes:/workspaces/demoneo4j/target/classes:/home/vscode/.m2/repository/org/springframework/boot/spring-boot-starter-web/3.3.1/spring-boot-starter-web-3.3.1.jar:/home/vscode/.m2/repository/org/springframework/boot/spring-boot-starter/3.3.1/spring-boot-starter-3.3.1.jar:/home/vscode/.m2/repository/org/springframework/boot/spring-boot/3.3.1/spring-boot-3.3.1.jar:/home/vscode/.m2/repository/org/springframework/boot/spring-boot-autoconfigure/3.3.1/spring-boot-autoconfigure-3.3.1.jar:/home/vscode/.m2/repository/org/springframework/boot/spring-boot-starter-logging/3.3.1/spring-boot-starter-logging-3.3.1.jar:/home/vscode/.m2/repository/ch/qos/logback/logback-classic/1.5.6/logback-classic-1.5.6.jar:/home/vscode/.m2/repository/ch/qos/logback/logback-core/1.5.6/logback-core-1.5.6.jar:/home/vscode/.m2/repository/org/apache/logging/log4j/log4j-to-slf4j/2.23.1/log4j-to-slf4j-2.23.1.jar:/home/vscode/.m2/repository/org/apache/logging/log4j/log4j-api/2.23.1/log4j-api-2.23.1.jar:/home/vscode/.m2/repository/org/slf4j/jul-to-slf4j/2.0.13/jul-to-slf4j-2.0.13.jar:/home/vscode/.m2/repository/jakarta/annotation/jakarta.annotation-api/2.1.1/jakarta.annotation-api-2.1.1.jar:/home/vscode/.m2/repository/org/yaml/snakeyaml/2.2/snakeyaml-2.2.jar:/home/vscode/.m2/repository/org/springframework/boot/spring-boot-starter-json/3.3.1/spring-boot-starter-json-3.3.1.jar:/home/vscode/.m2/repository/com/fasterxml/jackson/core/jackson-databind/2.17.1/jackson-databind-2.17.1.jar:/home/vscode/.m2/repository/com/fasterxml/jackson/core/jackson-annotations/2.17.1/jackson-annotations-2.17.1.jar:/home/vscode/.m2/repository/com/fasterxml/jackson/core/jackson-core/2.17.1/jackson-core-2.17.1.jar:/home/vscode/.m2/repository/com/fasterxml/jackson/datatype/jackson-datatype-jdk8/2.17.1/jackson-datatype-jdk8-2.17.1.jar:/home/vscode/.m2/repository/com/fasterxml/jackson/datatype/jackson-datatype-jsr310/2.17.1/jackson-datatype-jsr310-2.17.1.jar:/home/vscode/.m2/repository/com/fasterxml/jackson/module/jackson-module-parameter-names/2.17.1/jackson-module-parameter-names-2.17.1.jar:/home/vscode/.m2/repository/org/springframework/boot/spring-boot-starter-tomcat/3.3.1/spring-boot-starter-tomcat-3.3.1.jar:/home/vscode/.m2/repository/org/apache/tomcat/embed/tomcat-embed-core/10.1.25/tomcat-embed-core-10.1.25.jar:/home/vscode/.m2/repository/org/apache/tomcat/embed/tomcat-embed-el/10.1.25/tomcat-embed-el-10.1.25.jar:/home/vscode/.m2/repository/org/apache/tomcat/embed/tomcat-embed-websocket/10.1.25/tomcat-embed-websocket-10.1.25.jar:/home/vscode/.m2/repository/org/springframework/spring-web/6.1.10/spring-web-6.1.10.jar:/home/vscode/.m2/repository/org/springframework/spring-beans/6.1.10/spring-beans-6.1.10.jar:/home/vscode/.m2/repository/io/micrometer/micrometer-observation/1.13.1/micrometer-observation-1.13.1.jar:/home/vscode/.m2/repository/io/micrometer/micrometer-commons/1.13.1/micrometer-commons-1.13.1.jar:/home/vscode/.m2/repository/org/springframework/spring-webmvc/6.1.10/spring-webmvc-6.1.10.jar:/home/vscode/.m2/repository/org/springframework/spring-aop/6.1.10/spring-aop-6.1.10.jar:/home/vscode/.m2/repository/org/springframework/spring-context/6.1.10/spring-context-6.1.10.jar:/home/vscode/.m2/repository/org/springframework/spring-expression/6.1.10/spring-expression-6.1.10.jar:/home/vscode/.m2/repository/org/springframework/boot/spring-boot-starter-data-neo4j/3.3.1/spring-boot-starter-data-neo4j-3.3.1.jar:/home/vscode/.m2/repository/org/springframework/data/spring-data-neo4j/7.3.1/spring-data-neo4j-7.3.1.jar:/home/vscode/.m2/repository/jakarta/transaction/jakarta.transaction-api/2.0.1/jakarta.transaction-api-2.0.1.jar:/home/vscode/.m2/repository/org/apiguardian/apiguardian-api/1.1.1/apiguardian-api-1.1.1.jar:/home/vscode/.m2/repository/org/neo4j/neo4j-cypher-dsl/2023.9.5/neo4j-cypher-dsl-2023.9.5.jar:/home/vscode/.m2/repository/org/neo4j/neo4j-cypher-dsl-schema-name-support/2023.9.5/neo4j-cypher-dsl-schema-name-support-2023.9.5.jar:/home/vscode/.m2/repository/org/neo4j/driver/neo4j-java-driver/5.21.0/neo4j-java-driver-5.21.0.jar:/home/vscode/.m2/repository/org/reactivestreams/reactive-streams/1.0.4/reactive-streams-1.0.4.jar:/home/vscode/.m2/repository/io/netty/netty-handler/4.1.111.Final/netty-handler-4.1.111.Final.jar:/home/vscode/.m2/repository/io/netty/netty-common/4.1.111.Final/netty-common-4.1.111.Final.jar:/home/vscode/.m2/repository/io/netty/netty-resolver/4.1.111.Final/netty-resolver-4.1.111.Final.jar:/home/vscode/.m2/repository/io/netty/netty-buffer/4.1.111.Final/netty-buffer-4.1.111.Final.jar:/home/vscode/.m2/repository/io/netty/netty-transport/4.1.111.Final/netty-transport-4.1.111.Final.jar:/home/vscode/.m2/repository/io/netty/netty-transport-native-unix-common/4.1.111.Final/netty-transport-native-unix-common-4.1.111.Final.jar:/home/vscode/.m2/repository/io/netty/netty-codec/4.1.111.Final/netty-codec-4.1.111.Final.jar:/home/vscode/.m2/repository/io/netty/netty-tcnative-classes/2.0.65.Final/netty-tcnative-classes-2.0.65.Final.jar:/home/vscode/.m2/repository/io/projectreactor/reactor-core/3.6.7/reactor-core-3.6.7.jar:/home/vscode/.m2/repository/org/springframework/spring-tx/6.1.10/spring-tx-6.1.10.jar:/home/vscode/.m2/repository/org/springframework/data/spring-data-commons/3.3.1/spring-data-commons-3.3.1.jar:/home/vscode/.m2/repository/org/slf4j/slf4j-api/2.0.13/slf4j-api-2.0.13.jar:/home/vscode/.m2/repository/org/springframework/boot/spring-boot-starter-test/3.3.1/spring-boot-starter-test-3.3.1.jar:/home/vscode/.m2/repository/org/springframework/boot/spring-boot-test/3.3.1/spring-boot-test-3.3.1.jar:/home/vscode/.m2/repository/org/springframework/boot/spring-boot-test-autoconfigure/3.3.1/spring-boot-test-autoconfigure-3.3.1.jar:/home/vscode/.m2/repository/com/jayway/jsonpath/json-path/2.9.0/json-path-2.9.0.jar:/home/vscode/.m2/repository/jakarta/xml/bind/jakarta.xml.bind-api/4.0.2/jakarta.xml.bind-api-4.0.2.jar:/home/vscode/.m2/repository/jakarta/activation/jakarta.activation-api/2.1.3/jakarta.activation-api-2.1.3.jar:/home/vscode/.m2/repository/net/minidev/json-smart/2.5.1/json-smart-2.5.1.jar:/home/vscode/.m2/repository/net/minidev/accessors-smart/2.5.1/accessors-smart-2.5.1.jar:/home/vscode/.m2/repository/org/ow2/asm/asm/9.6/asm-9.6.jar:/home/vscode/.m2/repository/org/assertj/assertj-core/3.25.3/assertj-core-3.25.3.jar:/home/vscode/.m2/repository/net/bytebuddy/byte-buddy/1.14.17/byte-buddy-1.14.17.jar:/home/vscode/.m2/repository/org/awaitility/awaitility/4.2.1/awaitility-4.2.1.jar:/home/vscode/.m2/repository/org/hamcrest/hamcrest/2.2/hamcrest-2.2.jar:/home/vscode/.m2/repository/org/junit/jupiter/junit-jupiter/5.10.2/junit-jupiter-5.10.2.jar:/home/vscode/.m2/repository/org/junit/jupiter/junit-jupiter-api/5.10.2/junit-jupiter-api-5.10.2.jar:/home/vscode/.m2/repository/org/opentest4j/opentest4j/1.3.0/opentest4j-1.3.0.jar:/home/vscode/.m2/repository/org/junit/platform/junit-platform-commons/1.10.2/junit-platform-commons-1.10.2.jar:/home/vscode/.m2/repository/org/junit/jupiter/junit-jupiter-params/5.10.2/junit-jupiter-params-5.10.2.jar:/home/vscode/.m2/repository/org/junit/jupiter/junit-jupiter-engine/5.10.2/junit-jupiter-engine-5.10.2.jar:/home/vscode/.m2/repository/org/junit/platform/junit-platform-engine/1.10.2/junit-platform-engine-1.10.2.jar:/home/vscode/.m2/repository/org/mockito/mockito-core/5.11.0/mockito-core-5.11.0.jar:/home/vscode/.m2/repository/net/bytebuddy/byte-buddy-agent/1.14.17/byte-buddy-agent-1.14.17.jar:/home/vscode/.m2/repository/org/objenesis/objenesis/3.3/objenesis-3.3.jar:/home/vscode/.m2/repository/org/mockito/mockito-junit-jupiter/5.11.0/mockito-junit-jupiter-5.11.0.jar:/home/vscode/.m2/repository/org/skyscreamer/jsonassert/1.5.1/jsonassert-1.5.1.jar:/home/vscode/.m2/repository/com/vaadin/external/google/android-json/0.0.20131108.vaadin1/android-json-0.0.20131108.vaadin1.jar:/home/vscode/.m2/repository/org/springframework/spring-core/6.1.10/spring-core-6.1.10.jar:/home/vscode/.m2/repository/org/springframework/spring-jcl/6.1.10/spring-jcl-6.1.10.jar:/home/vscode/.m2/repository/org/springframework/spring-test/6.1.10/spring-test-6.1.10.jar:/home/vscode/.m2/repository/org/xmlunit/xmlunit-core/2.9.1/xmlunit-core-2.9.1.jar:"/>
    <property name="java.vm.vendor" value="Microsoft"/>
    <property name="sun.arch.data.model" value="64"/>
    <property name="java.vendor.url" value="https://www.microsoft.com"/>
    <property name="user.timezone" value="Etc/UTC"/>
    <property name="os.name" value="Linux"/>
    <property name="java.vm.specification.version" value="17"/>
    <property name="sun.java.launcher" value="SUN_STANDARD"/>
    <property name="user.country" value="US"/>
    <property name="sun.boot.library.path" value="/usr/local/sdkman/candidates/java/17.0.11-ms/lib"/>
    <property name="sun.java.command" value="/workspaces/demoneo4j/target/surefire/surefirebooter-20240711151412846_3.jar /workspaces/demoneo4j/target/surefire 2024-07-11T15-14-12_728-jvmRun1 surefire-20240711151412846_1tmp surefire_0-20240711151412846_2tmp"/>
    <property name="jdk.debug" value="release"/>
    <property name="surefire.test.class.path" value="/workspaces/demoneo4j/target/test-classes:/workspaces/demoneo4j/target/classes:/home/vscode/.m2/repository/org/springframework/boot/spring-boot-starter-web/3.3.1/spring-boot-starter-web-3.3.1.jar:/home/vscode/.m2/repository/org/springframework/boot/spring-boot-starter/3.3.1/spring-boot-starter-3.3.1.jar:/home/vscode/.m2/repository/org/springframework/boot/spring-boot/3.3.1/spring-boot-3.3.1.jar:/home/vscode/.m2/repository/org/springframework/boot/spring-boot-autoconfigure/3.3.1/spring-boot-autoconfigure-3.3.1.jar:/home/vscode/.m2/repository/org/springframework/boot/spring-boot-starter-logging/3.3.1/spring-boot-starter-logging-3.3.1.jar:/home/vscode/.m2/repository/ch/qos/logback/logback-classic/1.5.6/logback-classic-1.5.6.jar:/home/vscode/.m2/repository/ch/qos/logback/logback-core/1.5.6/logback-core-1.5.6.jar:/home/vscode/.m2/repository/org/apache/logging/log4j/log4j-to-slf4j/2.23.1/log4j-to-slf4j-2.23.1.jar:/home/vscode/.m2/repository/org/apache/logging/log4j/log4j-api/2.23.1/log4j-api-2.23.1.jar:/home/vscode/.m2/repository/org/slf4j/jul-to-slf4j/2.0.13/jul-to-slf4j-2.0.13.jar:/home/vscode/.m2/repository/jakarta/annotation/jakarta.annotation-api/2.1.1/jakarta.annotation-api-2.1.1.jar:/home/vscode/.m2/repository/org/yaml/snakeyaml/2.2/snakeyaml-2.2.jar:/home/vscode/.m2/repository/org/springframework/boot/spring-boot-starter-json/3.3.1/spring-boot-starter-json-3.3.1.jar:/home/vscode/.m2/repository/com/fasterxml/jackson/core/jackson-databind/2.17.1/jackson-databind-2.17.1.jar:/home/vscode/.m2/repository/com/fasterxml/jackson/core/jackson-annotations/2.17.1/jackson-annotations-2.17.1.jar:/home/vscode/.m2/repository/com/fasterxml/jackson/core/jackson-core/2.17.1/jackson-core-2.17.1.jar:/home/vscode/.m2/repository/com/fasterxml/jackson/datatype/jackson-datatype-jdk8/2.17.1/jackson-datatype-jdk8-2.17.1.jar:/home/vscode/.m2/repository/com/fasterxml/jackson/datatype/jackson-datatype-jsr310/2.17.1/jackson-datatype-jsr310-2.17.1.jar:/home/vscode/.m2/repository/com/fasterxml/jackson/module/jackson-module-parameter-names/2.17.1/jackson-module-parameter-names-2.17.1.jar:/home/vscode/.m2/repository/org/springframework/boot/spring-boot-starter-tomcat/3.3.1/spring-boot-starter-tomcat-3.3.1.jar:/home/vscode/.m2/repository/org/apache/tomcat/embed/tomcat-embed-core/10.1.25/tomcat-embed-core-10.1.25.jar:/home/vscode/.m2/repository/org/apache/tomcat/embed/tomcat-embed-el/10.1.25/tomcat-embed-el-10.1.25.jar:/home/vscode/.m2/repository/org/apache/tomcat/embed/tomcat-embed-websocket/10.1.25/tomcat-embed-websocket-10.1.25.jar:/home/vscode/.m2/repository/org/springframework/spring-web/6.1.10/spring-web-6.1.10.jar:/home/vscode/.m2/repository/org/springframework/spring-beans/6.1.10/spring-beans-6.1.10.jar:/home/vscode/.m2/repository/io/micrometer/micrometer-observation/1.13.1/micrometer-observation-1.13.1.jar:/home/vscode/.m2/repository/io/micrometer/micrometer-commons/1.13.1/micrometer-commons-1.13.1.jar:/home/vscode/.m2/repository/org/springframework/spring-webmvc/6.1.10/spring-webmvc-6.1.10.jar:/home/vscode/.m2/repository/org/springframework/spring-aop/6.1.10/spring-aop-6.1.10.jar:/home/vscode/.m2/repository/org/springframework/spring-context/6.1.10/spring-context-6.1.10.jar:/home/vscode/.m2/repository/org/springframework/spring-expression/6.1.10/spring-expression-6.1.10.jar:/home/vscode/.m2/repository/org/springframework/boot/spring-boot-starter-data-neo4j/3.3.1/spring-boot-starter-data-neo4j-3.3.1.jar:/home/vscode/.m2/repository/org/springframework/data/spring-data-neo4j/7.3.1/spring-data-neo4j-7.3.1.jar:/home/vscode/.m2/repository/jakarta/transaction/jakarta.transaction-api/2.0.1/jakarta.transaction-api-2.0.1.jar:/home/vscode/.m2/repository/org/apiguardian/apiguardian-api/1.1.1/apiguardian-api-1.1.1.jar:/home/vscode/.m2/repository/org/neo4j/neo4j-cypher-dsl/2023.9.5/neo4j-cypher-dsl-2023.9.5.jar:/home/vscode/.m2/repository/org/neo4j/neo4j-cypher-dsl-schema-name-support/2023.9.5/neo4j-cypher-dsl-schema-name-support-2023.9.5.jar:/home/vscode/.m2/repository/org/neo4j/driver/neo4j-java-driver/5.21.0/neo4j-java-driver-5.21.0.jar:/home/vscode/.m2/repository/org/reactivestreams/reactive-streams/1.0.4/reactive-streams-1.0.4.jar:/home/vscode/.m2/repository/io/netty/netty-handler/4.1.111.Final/netty-handler-4.1.111.Final.jar:/home/vscode/.m2/repository/io/netty/netty-common/4.1.111.Final/netty-common-4.1.111.Final.jar:/home/vscode/.m2/repository/io/netty/netty-resolver/4.1.111.Final/netty-resolver-4.1.111.Final.jar:/home/vscode/.m2/repository/io/netty/netty-buffer/4.1.111.Final/netty-buffer-4.1.111.Final.jar:/home/vscode/.m2/repository/io/netty/netty-transport/4.1.111.Final/netty-transport-4.1.111.Final.jar:/home/vscode/.m2/repository/io/netty/netty-transport-native-unix-common/4.1.111.Final/netty-transport-native-unix-common-4.1.111.Final.jar:/home/vscode/.m2/repository/io/netty/netty-codec/4.1.111.Final/netty-codec-4.1.111.Final.jar:/home/vscode/.m2/repository/io/netty/netty-tcnative-classes/2.0.65.Final/netty-tcnative-classes-2.0.65.Final.jar:/home/vscode/.m2/repository/io/projectreactor/reactor-core/3.6.7/reactor-core-3.6.7.jar:/home/vscode/.m2/repository/org/springframework/spring-tx/6.1.10/spring-tx-6.1.10.jar:/home/vscode/.m2/repository/org/springframework/data/spring-data-commons/3.3.1/spring-data-commons-3.3.1.jar:/home/vscode/.m2/repository/org/slf4j/slf4j-api/2.0.13/slf4j-api-2.0.13.jar:/home/vscode/.m2/repository/org/springframework/boot/spring-boot-starter-test/3.3.1/spring-boot-starter-test-3.3.1.jar:/home/vscode/.m2/repository/org/springframework/boot/spring-boot-test/3.3.1/spring-boot-test-3.3.1.jar:/home/vscode/.m2/repository/org/springframework/boot/spring-boot-test-autoconfigure/3.3.1/spring-boot-test-autoconfigure-3.3.1.jar:/home/vscode/.m2/repository/com/jayway/jsonpath/json-path/2.9.0/json-path-2.9.0.jar:/home/vscode/.m2/repository/jakarta/xml/bind/jakarta.xml.bind-api/4.0.2/jakarta.xml.bind-api-4.0.2.jar:/home/vscode/.m2/repository/jakarta/activation/jakarta.activation-api/2.1.3/jakarta.activation-api-2.1.3.jar:/home/vscode/.m2/repository/net/minidev/json-smart/2.5.1/json-smart-2.5.1.jar:/home/vscode/.m2/repository/net/minidev/accessors-smart/2.5.1/accessors-smart-2.5.1.jar:/home/vscode/.m2/repository/org/ow2/asm/asm/9.6/asm-9.6.jar:/home/vscode/.m2/repository/org/assertj/assertj-core/3.25.3/assertj-core-3.25.3.jar:/home/vscode/.m2/repository/net/bytebuddy/byte-buddy/1.14.17/byte-buddy-1.14.17.jar:/home/vscode/.m2/repository/org/awaitility/awaitility/4.2.1/awaitility-4.2.1.jar:/home/vscode/.m2/repository/org/hamcrest/hamcrest/2.2/hamcrest-2.2.jar:/home/vscode/.m2/repository/org/junit/jupiter/junit-jupiter/5.10.2/junit-jupiter-5.10.2.jar:/home/vscode/.m2/repository/org/junit/jupiter/junit-jupiter-api/5.10.2/junit-jupiter-api-5.10.2.jar:/home/vscode/.m2/repository/org/opentest4j/opentest4j/1.3.0/opentest4j-1.3.0.jar:/home/vscode/.m2/repository/org/junit/platform/junit-platform-commons/1.10.2/junit-platform-commons-1.10.2.jar:/home/vscode/.m2/repository/org/junit/jupiter/junit-jupiter-params/5.10.2/junit-jupiter-params-5.10.2.jar:/home/vscode/.m2/repository/org/junit/jupiter/junit-jupiter-engine/5.10.2/junit-jupiter-engine-5.10.2.jar:/home/vscode/.m2/repository/org/junit/platform/junit-platform-engine/1.10.2/junit-platform-engine-1.10.2.jar:/home/vscode/.m2/repository/org/mockito/mockito-core/5.11.0/mockito-core-5.11.0.jar:/home/vscode/.m2/repository/net/bytebuddy/byte-buddy-agent/1.14.17/byte-buddy-agent-1.14.17.jar:/home/vscode/.m2/repository/org/objenesis/objenesis/3.3/objenesis-3.3.jar:/home/vscode/.m2/repository/org/mockito/mockito-junit-jupiter/5.11.0/mockito-junit-jupiter-5.11.0.jar:/home/vscode/.m2/repository/org/skyscreamer/jsonassert/1.5.1/jsonassert-1.5.1.jar:/home/vscode/.m2/repository/com/vaadin/external/google/android-json/0.0.20131108.vaadin1/android-json-0.0.20131108.vaadin1.jar:/home/vscode/.m2/repository/org/springframework/spring-core/6.1.10/spring-core-6.1.10.jar:/home/vscode/.m2/repository/org/springframework/spring-jcl/6.1.10/spring-jcl-6.1.10.jar:/home/vscode/.m2/repository/org/springframework/spring-test/6.1.10/spring-test-6.1.10.jar:/home/vscode/.m2/repository/org/xmlunit/xmlunit-core/2.9.1/xmlunit-core-2.9.1.jar:"/>
    <property name="sun.cpu.endian" value="little"/>
    <property name="user.home" value="/home/vscode"/>
    <property name="user.language" value="en"/>
    <property name="java.specification.vendor" value="Oracle Corporation"/>
    <property name="java.version.date" value="2024-04-16"/>
    <property name="java.home" value="/usr/local/sdkman/candidates/java/17.0.11-ms"/>
    <property name="file.separator" value="/"/>
    <property name="basedir" value="/workspaces/demoneo4j"/>
    <property name="java.vm.compressedOopsMode" value="32-bit"/>
    <property name="line.separator" value="&#10;"/>
    <property name="java.specification.name" value="Java Platform API Specification"/>
    <property name="java.vm.specification.vendor" value="Oracle Corporation"/>
    <property name="FILE_LOG_CHARSET" value="UTF-8"/>
    <property name="java.awt.headless" value="true"/>
    <property name="surefire.real.class.path" value="/workspaces/demoneo4j/target/surefire/surefirebooter-20240711151412846_3.jar"/>
    <property name="sun.management.compiler" value="HotSpot 64-Bit Tiered Compilers"/>
    <property name="java.runtime.version" value="17.0.11+9-LTS"/>
    <property name="user.name" value="vscode"/>
    <property name="path.separator" value=":"/>
    <property name="os.version" value="6.5.0-1022-azure"/>
    <property name="java.runtime.name" value="OpenJDK Runtime Environment"/>
    <property name="file.encoding" value="UTF-8"/>
    <property name="java.vm.name" value="OpenJDK 64-Bit Server VM"/>
    <property name="java.vendor.version" value="Microsoft-9388408"/>
    <property name="localRepository" value="/home/vscode/.m2/repository"/>
    <property name="java.vendor.url.bug" value="https://github.com/microsoft/openjdk/issues"/>
    <property name="java.io.tmpdir" value="/tmp"/>
    <property name="java.version" value="17.0.11"/>
    <property name="user.dir" value="/workspaces/demoneo4j"/>
    <property name="os.arch" value="amd64"/>
    <property name="java.vm.specification.name" value="Java Virtual Machine Specification"/>
    <property name="PID" value="19454"/>
    <property name="CONSOLE_LOG_CHARSET" value="UTF-8"/>
    <property name="native.encoding" value="UTF-8"/>
    <property name="java.library.path" value="/usr/java/packages/lib:/usr/lib64:/lib64:/lib:/usr/lib"/>
    <property name="java.vm.info" value="mixed mode, sharing"/>
    <property name="java.vendor" value="Microsoft"/>
    <property name="java.vm.version" value="17.0.11+9-LTS"/>
    <property name="sun.io.unicode.encoding" value="UnicodeLittle"/>
    <property name="java.class.version" value="61.0"/>
    <property name="LOGGED_APPLICATION_NAME" value="[demoneo4j] "/>
  </properties>
  <testcase name="contextLoads" classname="com.edutec.demoneo4j.Demoneo4jApplicationTests" time="0.994">
    <system-out><![CDATA[15:14:13.765 [main] INFO org.springframework.test.context.support.AnnotationConfigContextLoaderUtils -- Could not detect default configuration classes for test class [com.edutec.demoneo4j.Demoneo4jApplicationTests]: Demoneo4jApplicationTests does not declare any static, non-private, non-final, nested classes annotated with @Configuration.
15:14:13.910 [main] INFO org.springframework.boot.test.context.SpringBootTestContextBootstrapper -- Found @SpringBootConfiguration com.edutec.demoneo4j.Demoneo4jApplication for test class com.edutec.demoneo4j.Demoneo4jApplicationTests

  .   ____          _            __ _ _
 /\\ / ___'_ __ _ _(_)_ __  __ _ \ \ \ \
( ( )\___ | '_ | '_| | '_ \/ _` | \ \ \ \
 \\/  ___)| |_)| | | | | || (_| |  ) ) ) )
  '  |____| .__|_| |_|_| |_\__, | / / / /
 =========|_|==============|___/=/_/_/_/

 :: Spring Boot ::                (v3.3.1)

2024-07-11T15:14:14.488Z  INFO 19454 --- [demoneo4j] [           main] c.e.demoneo4j.Demoneo4jApplicationTests  : Starting Demoneo4jApplicationTests using Java 17.0.11 with PID 19454 (started by vscode in /workspaces/demoneo4j)
2024-07-11T15:14:14.490Z  INFO 19454 --- [demoneo4j] [           main] c.e.demoneo4j.Demoneo4jApplicationTests  : No active profile set, falling back to 1 default profile: "default"
2024-07-11T15:14:15.418Z  INFO 19454 --- [demoneo4j] [           main] .s.d.r.c.RepositoryConfigurationDelegate : Bootstrapping Spring Data Neo4j repositories in DEFAULT mode.
2024-07-11T15:14:15.446Z  INFO 19454 --- [demoneo4j] [           main] .s.d.r.c.RepositoryConfigurationDelegate : Finished Spring Data repository scanning in 12 ms. Found 0 Neo4j repository interfaces.
2024-07-11T15:14:15.457Z  INFO 19454 --- [demoneo4j] [           main] .s.d.r.c.RepositoryConfigurationDelegate : Bootstrapping Spring Data Neo4j repositories in DEFAULT mode.
2024-07-11T15:14:15.460Z  INFO 19454 --- [demoneo4j] [           main] .s.d.r.c.RepositoryConfigurationDelegate : Finished Spring Data repository scanning in 2 ms. Found 0 Neo4j repository interfaces.
2024-07-11T15:14:16.010Z  INFO 19454 --- [demoneo4j] [           main] o.neo4j.driver.internal.DriverFactory    : Direct driver instance 1898730595 created for server address 44.201.195.13:7687
2024-07-11T15:14:16.871Z  INFO 19454 --- [demoneo4j] [           main] c.e.demoneo4j.Demoneo4jApplicationTests  : Started Demoneo4jApplicationTests in 2.806 seconds (process running for 3.951)
]]></system-out>
  </testcase>
</testsuite>